<?xml version="1.0" encoding="UTF-8"?>
<testng-results ignored="0" total="0" passed="0" failed="0" skipped="0">
  <reporter-output>
  </reporter-output>
  <suite started-at="2024-02-14T20:35:26 SGT" name="Surefire suite" finished-at="2024-02-14T20:35:34 SGT" duration-ms="8138">
    <groups>
    </groups>
    <test started-at="2024-02-14T20:35:26 SGT" name="Surefire test" finished-at="2024-02-14T20:35:34 SGT" duration-ms="8138">
    </test> <!-- Surefire test -->
  </suite> <!-- Surefire suite -->
</testng-results>
